Training seq
DEVICE = cpu
####################
Total Parameters = 605185
Total Trainable Parameters = 605185
bichrom_seq(
  (conv1d): Conv1d(4, 256, kernel_size=(24,), stride=(1,))
  (relu): ReLU()
  (batchNorm1d): BatchNorm1d(256, eps=1e-05, momentum=0.1, affine=True, track_running_stats=True)
  (maxPool1d): MaxPool1d(kernel_size=15, stride=15, padding=0, dilation=1, ceil_mode=True)
  (lstm): LSTM(256, 32, batch_first=True)
  (tanh): Tanh()
  (model_dense_repeat): Sequential(
    (0): Linear(in_features=32, out_features=512, bias=True)
    (1): ReLU()
    (2): Dropout(p=0.5, inplace=False)
    (3): Linear(in_features=512, out_features=512, bias=True)
    (4): ReLU()
    (5): Dropout(p=0.5, inplace=False)
    (6): Linear(in_features=512, out_features=512, bias=True)
    (7): ReLU()
    (8): Dropout(p=0.5, inplace=False)
  )
  (linear): Linear(in_features=512, out_features=1, bias=True)
  (sigmoid): Sigmoid()
)
####################
EPOCH 1:
